<?xml version="1.0" encoding="UTF-8"?>
<!-- Generated by org.testng.reporters.JUnitReportReporter -->
<testsuite name="com.OpenMRS.TestCases.TC_OMRS_1" tests="1" time="129.581" ignored="0" failures="0" timestamp="05 Jun 2021 14:42:01 GMT" skipped="0" hostname="MMS" errors="0">
  <testcase name="openmrs" time="129.581" classname="com.OpenMRS.TestCases.TC_OMRS_1"/>
</testsuite> <!-- com.OpenMRS.TestCases.TC_OMRS_1 -->
